<?xml version="1.0" encoding="UTF-8"?>
<testsuite name="CDTest" tests="5" skipped="0" failures="0" errors="0" timestamp="2016-04-27T20:16:29" hostname="epicodus-51.local" time="0.0">
  <properties/>
  <testcase name="CD_instantiatesCorrectly_true" classname="CDTest" time="0.0"/>
  <testcase name="CD_listOutCDS_array" classname="CDTest" time="0.0"/>
  <testcase name="CD_addmultipleCDS_true" classname="CDTest" time="0.0"/>
  <testcase name="getId_CDSCreatedWIthID_1" classname="CDTest" time="0.0"/>
  <testcase name="CD_titleTest_String" classname="CDTest" time="0.0"/>
  <system-out><![CDATA[]]></system-out>
  <system-err><![CDATA[]]></system-err>
</testsuite>
